<?xml version="1.0" encoding="UTF-8"?>
<!-- Generated by org.testng.reporters.JUnitReportReporter -->
<testsuite hostname="NHCLPT520" failures="0" tests="8" name="org.runner.Runner" time="519.715" errors="0" timestamp="20 Jan 2023 11:00:23 GMT" skipped="0">
  <testcase classname="org.runner.Runner" name="runScenario" time="45.131"/>
  <testcase classname="org.runner.Runner" name="runScenario" time="79.907"/>
  <testcase classname="org.runner.Runner" name="runScenario" time="72.312"/>
  <testcase classname="org.runner.Runner" name="runScenario" time="10.207"/>
  <testcase classname="org.runner.Runner" name="runScenario" time="13.155"/>
  <testcase classname="org.runner.Runner" name="runScenario" time="108.207"/>
  <testcase classname="org.runner.Runner" name="runScenario" time="159.397"/>
  <testcase classname="org.runner.Runner" name="runScenario" time="31.399"/>
</testsuite> <!-- org.runner.Runner -->
