<?xml version="1.0" encoding="UTF-8"?>
<!-- Generated by org.testng.reporters.JUnitReportReporter -->
<testsuite hostname="NHCLPT520" failures="0" tests="12" name="org.runner.Runner" time="390.435" errors="0" timestamp="27 Jan 2023 05:55:07 GMT" skipped="0">
  <testcase classname="org.runner.Runner" name="runScenario" time="8.835"/>
  <testcase classname="org.runner.Runner" name="runScenario" time="26.252"/>
  <testcase classname="org.runner.Runner" name="runScenario" time="28.754"/>
  <testcase classname="org.runner.Runner" name="runScenario" time="17.135"/>
  <testcase classname="org.runner.Runner" name="runScenario" time="31.334"/>
  <testcase classname="org.runner.Runner" name="runScenario" time="65.158"/>
  <testcase classname="org.runner.Runner" name="runScenario" time="46.648"/>
  <testcase classname="org.runner.Runner" name="runScenario" time="57.555"/>
  <testcase classname="org.runner.Runner" name="runScenario" time="11.636"/>
  <testcase classname="org.runner.Runner" name="runScenario" time="57.789"/>
  <testcase classname="org.runner.Runner" name="runScenario" time="13.531"/>
  <testcase classname="org.runner.Runner" name="runScenario" time="25.808"/>
</testsuite> <!-- org.runner.Runner -->
